<?xml version="1.0" encoding="UTF-8" standalone="no"?>
<testsuite failures="0" name="cucumber.runtime.formatter.JUnitFormatter" skipped="0" tests="1" time="12.25027">
<testcase classname="new tours login page" name="new tours Create a new deal scenario" time="12.25027">
<system-out><![CDATA[Given user is already on Login Page.........................................passed
When title of login page is Mercury Tours...................................passed
Then user enters username and password......................................passed
Then user clicks on login button............................................passed
Then user is on Home page...................................................passed
]]></system-out>
</testcase>
</testsuite>
